Feb-23 18:00:50.425 [main] DEBUG nextflow.cli.Launcher - $> nextflow run main.nf
Feb-23 18:00:50.655 [main] INFO  nextflow.cli.CmdRun - N E X T F L O W  ~  version 20.10.0
Feb-23 18:00:50.680 [main] INFO  nextflow.cli.CmdRun - Launching `main.nf` [drunk_curran] - revision: d54b25fd7c
Feb-23 18:00:50.844 [main] DEBUG nextflow.config.ConfigBuilder - Found config local: /mnt/d/Work/nextflow_stuff/nftutorial/nextflow.config
Feb-23 18:00:50.854 [main] DEBUG nextflow.config.ConfigBuilder - Parsing config file: /mnt/d/Work/nextflow_stuff/nftutorial/nextflow.config
Feb-23 18:00:51.109 [main] DEBUG nextflow.config.ConfigBuilder - Applying config profile: `standard`
Feb-23 18:00:52.475 [main] DEBUG nextflow.Session - Session uuid: ddcf53eb-de5e-4b16-aa90-554cfc3fd7d8
Feb-23 18:00:52.476 [main] DEBUG nextflow.Session - Run name: drunk_curran
Feb-23 18:00:52.478 [main] DEBUG nextflow.Session - Executor pool size: 16
Feb-23 18:00:52.520 [main] DEBUG nextflow.cli.CmdRun - 
  Version: 20.10.0 build 5430
  Created: 01-11-2020 15:14 UTC (16:14 CEST)
  System: Linux 4.19.128-microsoft-standard
  Runtime: Groovy 3.0.5 on OpenJDK 64-Bit Server VM 14.0.2+12-Ubuntu-120.04
  Encoding: UTF-8 (UTF-8)
  Process: 3616@LAPTOP-JNRGC094 [127.0.1.1]
  CPUs: 16 - Mem: 12 GB (11.1 GB) - Swap: 4 GB (4 GB)
Feb-23 18:00:52.573 [main] DEBUG nextflow.Session - Work-dir: /mnt/d/Work/nextflow_stuff/nftutorial/work [v9fs]
Feb-23 18:00:52.574 [main] DEBUG nextflow.Session - Script base path does not exist or is not a directory: /mnt/d/Work/nextflow_stuff/nftutorial/bin
Feb-23 18:00:52.633 [main] DEBUG nextflow.Session - Observer factory: TowerFactory
Feb-23 18:00:52.637 [main] DEBUG nextflow.Session - Observer factory: DefaultObserverFactory
Feb-23 18:00:53.310 [main] DEBUG nextflow.Session - Session start invoked
Feb-23 18:00:54.123 [main] DEBUG nextflow.script.ScriptRunner - > Launching execution
Feb-23 18:00:54.146 [main] DEBUG nextflow.Session - Workflow process names [dsl1]: runBlast
Feb-23 18:00:54.274 [Actor Thread 1] DEBUG n.splitter.AbstractTextSplitter - Splitter `Fasta` collector path: nextflow.splitter.TextFileCollector$CachePath(/mnt/d/Work/nextflow_stuff/nftutorial/work/20/a023d9c641eb2e9b732797e1a39b21/input.fasta, null)
Feb-23 18:00:54.341 [main] DEBUG nextflow.executor.ExecutorFactory - << taskConfig executor: null
Feb-23 18:00:54.342 [main] DEBUG nextflow.executor.ExecutorFactory - >> processorType: 'local'
Feb-23 18:00:54.349 [main] DEBUG nextflow.executor.Executor - [warm up] executor > local
Feb-23 18:00:54.357 [main] DEBUG n.processor.LocalPollingMonitor - Creating local task monitor for executor 'local' > cpus=16; memory=12 GB; capacity=16; pollInterval=100ms; dumpInterval=5m
Feb-23 18:00:54.509 [main] DEBUG nextflow.script.ScriptRunner - > Await termination 
Feb-23 18:00:54.510 [main] DEBUG nextflow.Session - Session await
Feb-23 18:00:54.826 [Task submitter] DEBUG nextflow.executor.LocalTaskHandler - Launch cmd line: /bin/bash -ue .command.run
Feb-23 18:00:54.832 [Task submitter] INFO  nextflow.Session - [1d/f4a2c5] Submitted process > runBlast (3)
Feb-23 18:00:54.866 [Task submitter] DEBUG nextflow.executor.LocalTaskHandler - Launch cmd line: /bin/bash -ue .command.run
Feb-23 18:00:54.867 [Task submitter] INFO  nextflow.Session - [f7/f59d4a] Submitted process > runBlast (2)
Feb-23 18:00:54.889 [Task submitter] DEBUG nextflow.executor.LocalTaskHandler - Launch cmd line: /bin/bash -ue .command.run
Feb-23 18:00:54.891 [Task submitter] INFO  nextflow.Session - [7b/a74d9f] Submitted process > runBlast (5)
Feb-23 18:00:54.910 [Task submitter] DEBUG nextflow.executor.LocalTaskHandler - Launch cmd line: /bin/bash -ue .command.run
Feb-23 18:00:54.911 [Task submitter] INFO  nextflow.Session - [3f/a7cae8] Submitted process > runBlast (1)
Feb-23 18:00:54.937 [Task submitter] DEBUG nextflow.executor.LocalTaskHandler - Launch cmd line: /bin/bash -ue .command.run
Feb-23 18:00:54.939 [Task submitter] INFO  nextflow.Session - [c4/47cf90] Submitted process > runBlast (4)
Feb-23 18:00:54.954 [Task monitor] DEBUG n.processor.TaskPollingMonitor - Task completed > TaskHandler[id: 2; name: runBlast (3); status: COMPLETED; exit: 0; error: -; workDir: /mnt/d/Work/nextflow_stuff/nftutorial/work/1d/f4a2c552cbdfc306b893dd7d2e74b8]
Feb-23 18:00:54.976 [Task monitor] DEBUG n.processor.TaskPollingMonitor - Task completed > TaskHandler[id: 4; name: runBlast (2); status: COMPLETED; exit: 0; error: -; workDir: /mnt/d/Work/nextflow_stuff/nftutorial/work/f7/f59d4a6ae31cd0b0eb8cb7b6857b78]
Feb-23 18:00:55.002 [Task monitor] DEBUG n.processor.TaskPollingMonitor - Task completed > TaskHandler[id: 1; name: runBlast (5); status: COMPLETED; exit: 0; error: -; workDir: /mnt/d/Work/nextflow_stuff/nftutorial/work/7b/a74d9f937053b223d41e8145db2861]
Feb-23 18:00:55.009 [Task monitor] DEBUG n.processor.TaskPollingMonitor - Task completed > TaskHandler[id: 3; name: runBlast (1); status: COMPLETED; exit: 0; error: -; workDir: /mnt/d/Work/nextflow_stuff/nftutorial/work/3f/a7cae8fdde157089440ff4d2e77089]
Feb-23 18:00:55.036 [Task monitor] DEBUG n.processor.TaskPollingMonitor - Task completed > TaskHandler[id: 5; name: runBlast (4); status: COMPLETED; exit: 0; error: -; workDir: /mnt/d/Work/nextflow_stuff/nftutorial/work/c4/47cf90196657efefed5587143e0906]
Feb-23 18:00:55.042 [main] DEBUG nextflow.Session - Session await > all process finished
Feb-23 18:00:55.101 [Actor Thread 1] DEBUG nextflow.sort.BigSort - Sort completed -- entries: 5; slices: 1; internal sort time: 0.05 s; external sort time: 0.001 s; total time: 0.051 s
Feb-23 18:00:55.135 [Actor Thread 1] DEBUG nextflow.file.FileCollector - Saved collect-files list to: /tmp/205544ad8fa70bcb42fa66aee246028d.collect-file
Feb-23 18:00:55.136 [main] DEBUG nextflow.Session - Session await > all barriers passed
Feb-23 18:00:55.144 [Actor Thread 1] DEBUG nextflow.file.FileCollector - Deleting file collector temp dir: /tmp/nxf-13992828883881010697
Feb-23 18:00:55.152 [main] DEBUG nextflow.trace.WorkflowStatsObserver - Workflow completed > WorkflowStats[succeededCount=5; failedCount=0; ignoredCount=0; cachedCount=0; pendingCount=0; submittedCount=0; runningCount=0; retriesCount=0; abortedCount=0; succeedDuration=242ms; failedDuration=0ms; cachedDuration=0ms;loadCpus=0; loadMemory=0; peakRunning=3; peakCpus=3; peakMemory=0; ]
Feb-23 18:00:55.248 [main] DEBUG nextflow.CacheDB - Closing CacheDB done
Feb-23 18:00:55.252 [main] DEBUG nextflow.util.SpuriousDeps - AWS S3 uploader shutdown
Feb-23 18:00:55.283 [main] DEBUG nextflow.script.ScriptRunner - > Execution complete -- Goodbye
